<?xml version="1.0" encoding="UTF-8"?>
<testsuites name="jest tests" tests="9" failures="0" errors="0" time="1.817">
  <testsuite name="getCartService" errors="0" failures="0" skipped="0" timestamp="2023-05-13T23:58:20" time="1.322" tests="3">
    <testcase classname="getCartService should return a cart view model with the correct structure" name="getCartService should return a cart view model with the correct structure" time="0.002">
    </testcase>
    <testcase classname="getCartService should reject the promise when getCart fails" name="getCartService should reject the promise when getCart fails" time="0.003">
    </testcase>
    <testcase classname="cartModelToViewModel should able to convert a cart model to a cart view model" name="cartModelToViewModel should able to convert a cart model to a cart view model" time="0">
    </testcase>
  </testsuite>
  <testsuite name="getCart" errors="0" failures="0" skipped="0" timestamp="2023-05-13T23:58:20" time="1.335" tests="2">
    <testcase classname="getCart should call getCart successfully" name="getCart should call getCart successfully" time="0.002">
    </testcase>
    <testcase classname="getCart should throw an error if fetching cart data fails" name="getCart should throw an error if fetching cart data fails" time="0.003">
    </testcase>
  </testsuite>
  <testsuite name="ProductItem" errors="0" failures="0" skipped="0" timestamp="2023-05-13T23:58:20" time="1.402" tests="4">
    <testcase classname="ProductItem should render the product name" name="ProductItem should render the product name" time="0.021">
    </testcase>
    <testcase classname="ProductItem should render the product price and discount price" name="ProductItem should render the product price and discount price" time="0.003">
    </testcase>
    <testcase classname="ProductItem should render the product price only" name="ProductItem should render the product price only" time="0.001">
    </testcase>
    <testcase classname="ProductItem should render the product image" name="ProductItem should render the product image" time="0.002">
    </testcase>
  </testsuite>
</testsuites>